déc. 11, 2012 9:18:29 AM org.apache.catalina.core.AprLifecycleListener init
Infos: The APR based Apache Tomcat Native library which allows optimal performance in production environments was not found on the java.library.path: /usr/X11R6/lib:/usr/local/lib:/usr/local/ns-allinone-2.34/otcl-1.13:/usr/local/ns-allinone-2.34/lib:/usr/java/packages/lib/i386:/lib:/usr/lib
déc. 11, 2012 9:18:29 AM org.apache.coyote.http11.Http11Protocol init
Infos: Initialisation de Coyote HTTP/1.1 sur http-8080
déc. 11, 2012 9:18:29 AM org.apache.catalina.startup.Catalina load
Infos: Initialization processed in 580 ms
déc. 11, 2012 9:18:30 AM org.apache.catalina.core.StandardService start
Infos: Démarrage du service Catalina
déc. 11, 2012 9:18:30 AM org.apache.catalina.core.StandardEngine start
Infos: Starting Servlet Engine: Apache Tomcat/6.0.35
déc. 11, 2012 9:18:30 AM org.apache.catalina.startup.HostConfig deployDescriptor
Infos: Déploiement du descripteur de configuration manager.xml
déc. 11, 2012 9:18:30 AM org.apache.catalina.startup.HostConfig deployDescriptor
Infos: Déploiement du descripteur de configuration host-manager.xml
déc. 11, 2012 9:18:30 AM org.apache.catalina.startup.HostConfig deployDescriptor
Infos: Déploiement du descripteur de configuration ow2-easybeans-openjpa-1.2.3.xml
11/12/12 09:18:30 (I) EmbeddedBootstrap.start : Configuring EasyBeans for Web Container type 'TOMCAT6'
11/12/12 09:18:30 (I) EmbeddedBootstrap.start : No user-defined configuration file named 'easybeans.xml' found in classpath. Using default settings from 'jar:file:/ws/28002846/TAA/apache-tomcat-6.0.35/webapps/ow2-easybeans-openjpa-1.2.3/WEB-INF/lib/easybeans-ee-war-1.2.3.jar!/org/ow2/easybeans/server/war/easybeans-default.xml'
11/12/12 09:18:30 (I) Embedded.start : Configuring EasyBeans with the configuration URLs '[jar:file:/ws/28002846/TAA/apache-tomcat-6.0.35/webapps/ow2-easybeans-openjpa-1.2.3/WEB-INF/lib/easybeans-core-1.2.3.jar!/org/ow2/easybeans/server/easybeans-core.xml, jar:file:/ws/28002846/TAA/apache-tomcat-6.0.35/webapps/ow2-easybeans-openjpa-1.2.3/WEB-INF/lib/easybeans-ee-war-1.2.3.jar!/org/ow2/easybeans/server/war/easybeans-default.xml]'
11/12/12 09:18:31 (I) QuartzScheduler.<init> : Quartz Scheduler v.1.6.0 created.
11/12/12 09:18:31 (I) RAMJobStore.initialize : RAMJobStore initialized.
11/12/12 09:18:31 (I) StdSchedulerFactory.instantiate : Quartz scheduler 'EasyBeans' initialized from an externally provided properties instance.
11/12/12 09:18:31 (I) StdSchedulerFactory.instantiate : Quartz scheduler version: 1.6.0
11/12/12 09:18:31 (I) QuartzScheduler.start : Scheduler EasyBeans_$_NON_CLUSTERED started.
11/12/12 09:18:31 (I) EventComponent.start : started.
11/12/12 09:18:31 (I) TraceCarol.infoCarol : Name service for jrmp is started on port ' 1099'.
11/12/12 09:18:31 (I) Jotm.<init> : JOTM started with a local transaction factory which is not bound.
11/12/12 09:18:31 (I) Jotm.<init> : CAROL initialization
11/12/12 09:18:31 (I) Current.<init> : JOTM 2.0.10
11/12/12 09:18:31 (I) JOTMComponent.start : Register javax.transaction.UserTransaction as transaction manager object
11/12/12 09:18:31 (I) ResourceWorkManagerComponent.start : Settings: minThreads=5,maxThreads=50,txTimeout=60s
11/12/12 09:18:32 (I) JoramComponent.start : Joram version '5.3.1' started on localhost:16030
11/12/12 09:18:32 (I) HSQLDBComponent.start : Starting 'HSQLDB server' '1.8.0' on port '9001'
11/12/12 09:18:32 (I) HSQLDBComponent.start : HSQLDB server started with URL jdbc:hsqldb:hsql://localhost:9001/jdbc_1
11/12/12 09:18:32 (I) MailComponent.start : Binding javax.mail.Session Mail factory with JNDI name mailSession_1
11/12/12 09:18:32 (I) MailComponent.start : Binding javax.mail.internet.MimePartDataSource Mail factory with JNDI name mailMimePartDS_1
11/12/12 09:18:32 (I) JDBCPoolComponent.start : DS 'jdbc_1', URL 'jdbc:hsqldb:hsql://localhost:9001/jdbc_1', Driver = 'org.hsqldb.jdbcDriver'.
11/12/12 09:18:32 (I) SmartClientEndPointComponent.start : SmartClient Endpoint listening on port '2503'.
11/12/12 09:18:32 (I) StatisticComponent.start : Statistics component started with factories: [org.ow2.easybeans.statistic.MeanCallTimeStatisticFactory, org.ow2.easybeans.statistic.CallCountStatisticFactory, org.ow2.easybeans.statistic.TotalCallTimeStatisticFactory]
11/12/12 09:18:32 (I) ComponentManager.startComponents : [ Component(s) started : Quartz Event Carol DepMonitor JOTM ResourceWorkManager Joram HSQLDB Mail JDBCPool SmartClientEndPoint RemoteJNDIResolver Jmx Statistic ]
11/12/12 09:18:32 (I) JMXRemoteHelper.init : Creating JMXRemote connector with URL 'service:jmx:rmi:///jndi/rmi://localhost:1099/EasyBeansConnector'
11/12/12 09:18:32 (I) Embedded.start : Démarrage de EasyBeans '1.2.3.6050' effectué en '1 877' ms.
11/12/12 09:18:32 (I) ScanningMonitor.start : Monitoring deployables of the directories '[/ws/28002846/TAA/apache-tomcat-6.0.35/easybeans-deploy]' with period of '5 000' ms
11/12/12 09:18:32 (I) AbsDeployer.deployEJB : Deploying EJB3DeployableImpl[archive=/ws/28002846/TAA/apache-tomcat-6.0.35/easybeans-deploy/EurosDollars.Beans-0.0.1-SNAPSHOT-jar-with-dependencies.jar]
11/12/12 09:18:32 (I) ENCManager.getInterceptorClass : Detecting Tomcat: using Tomcat ENC for the naming.
déc. 11, 2012 9:18:33 AM org.ow2.easybeans.enhancer.Enhancer enhance
Infos: Beans found are [ConvertBean]
déc. 11, 2012 9:18:33 AM org.ow2.easybeans.persistence.xml.JPersistenceUnitInfoLoader loadPersistenceUnitInfoImplList
Avertissement: No SharedCacheMode defined. Set to default UNSPECIFIED
déc. 11, 2012 9:18:33 AM org.ow2.easybeans.persistence.xml.JPersistenceUnitInfoLoader loadPersistenceUnitInfoImplList
Avertissement: No Validation Mode defined. Set to default AUTO
11/12/12 09:18:33 (I) JContainer3.start : Container '/ws/28002846/TAA/apache-tomcat-6.0.35/easybeans-deploy/EurosDollars.Beans-0.0.1-SNAPSHOT-jar-with-dependencies.jar' [1 SLSB, 0 SFSB, 0 MDB] started in 1 105 ms
11/12/12 09:18:33 (I) EmbeddedBootstrap.start : Setting SmartFactory for Web Applications to 'smart://localhost:2503'
déc. 11, 2012 9:18:33 AM org.apache.catalina.startup.HostConfig deployWAR
Infos: Déploiement de l'archive servletclient_ejb3-0.0.1-SNAPSHOT.war de l'application web
déc. 11, 2012 9:18:33 AM org.apache.catalina.startup.HostConfig deployDirectory
Infos: Déploiement du répertoire ROOT de l'application web
déc. 11, 2012 9:18:33 AM org.apache.catalina.startup.HostConfig deployDirectory
Infos: Déploiement du répertoire docs de l'application web
déc. 11, 2012 9:18:33 AM org.apache.catalina.startup.HostConfig deployDirectory
Infos: Déploiement du répertoire examples de l'application web
déc. 11, 2012 9:18:34 AM org.apache.coyote.http11.Http11Protocol start
Infos: Démarrage de Coyote HTTP/1.1 sur http-8080
déc. 11, 2012 9:18:34 AM org.apache.jk.common.ChannelSocket init
Infos: JK: ajp13 listening on /0.0.0.0:8009
déc. 11, 2012 9:18:34 AM org.apache.jk.server.JkMain start
Infos: Jk running ID=0 time=0/33  config=null
déc. 11, 2012 9:18:34 AM org.apache.catalina.startup.Catalina start
Infos: Server startup in 4283 ms
